app/mapping.txt
# compiler: R8
# compiler_version: 2.2.66
# min_api: 19
# pg_map_id: 1ede1d1
# common_typos_disable
com.haohai.platform.fireforestplatform.DataBinderMapperImpl -> com.haohai.platform.fireforestplatform.DataBinderMapperImpl:
    android.util.SparseIntArray INTERNAL_LAYOUT_ID_LOOKUP -> a
    java.util.List collectDependencies() -> a
    androidx.databinding.ViewDataBinding getDataBinder(androidx.databinding.DataBindingComponent,android.view.View,int) -> b
    androidx.databinding.ViewDataBinding getDataBinder(androidx.databinding.DataBindingComponent,android.view.View[],int) -> c
com.haohai.platform.fireforestplatform.MainActivity -> com.haohai.platform.fireforestplatform.MainActivity:
    com.haohai.platform.fireforestplatform.ui.fragment.MainFragment mainFragment -> d
    com.haohai.platform.fireforestplatform.ui.fragment.VideoFragment videoFragment -> e
    com.haohai.platform.fireforestplatform.ui.fragment.MapFragment mapFragment -> f
    int currentTabIndex -> j
    boolean isMain -> k
    int index -> i
    androidx.fragment.app.Fragment[] fragments -> h
    com.haohai.platform.fireforestplatform.ui.fragment.MineFragment mineFragment -> g
    androidx.databinding.ViewDataBinding dataBinding() -> A
    com.haohai.platform.fireforestplatform.base.BaseViewModel obtainViewModel() -> F
    void setupViewModel() -> H
    void subscribeObserver() -> I
    com.haohai.platform.fireforestplatform.databinding.ActivityMainBinding dataBinding() -> J
    void initBottomBar() -> K
    com.haohai.platform.fireforestplatform.ui.viewmodel.MainViewModel obtainViewModel() -> L
    void onTabSelected(int) -> g
    void onTabUnselected(int) -> q
    void onTabReselected(int) -> x
com.haohai.platform.fireforestplatform.HhApplication$1 -> com.haohai.platform.fireforestplatform.HhApplication$a:
    com.haohai.platform.fireforestplatform.HhApplication this$0 -> a
    void onViewInitFinished(boolean) -> a
    void onCoreInitFinished() -> b
com.haohai.platform.fireforestplatform.base.-$$Lambda$BaseLiveActivity$k69l1TgjkTCwvtUVfWjVZSF1P24 -> com.haohai.platform.fireforestplatform.a.a:
# {"id":"sourceFile","fileName":"lambda"}
    com.haohai.platform.fireforestplatform.base.BaseLiveActivity f$0 -> a
    void onChanged(java.lang.Object) -> a
com.haohai.platform.fireforestplatform.base.-$$Lambda$BaseLiveActivity$y9RS8lCPPE2q9w0nxDiW7tFfxx8 -> com.haohai.platform.fireforestplatform.a.b:
# {"id":"sourceFile","fileName":"lambda"}
    com.haohai.platform.fireforestplatform.base.BaseLiveActivity f$0 -> a
    void onChanged(java.lang.Object) -> a
com.haohai.platform.fireforestplatform.base.BaseActivity -> com.haohai.platform.fireforestplatform.a.c:
com.haohai.platform.fireforestplatform.base.BaseLiveActivity -> com.haohai.platform.fireforestplatform.a.d:
    com.haohai.platform.fireforestplatform.base.BaseLiveActivity$TokenFailureBroadcast mBroadcast -> c
    androidx.databinding.ViewDataBinding binding -> b
    androidx.databinding.ViewDataBinding dataBinding() -> A
    void lambda$subscribeObserver$0(java.lang.String) -> B
    void lambda$subscribeObserver$0$BaseLiveActivity(java.lang.String) -> C
    void lambda$subscribeObserver$1(com.haohai.platform.fireforestplatform.event.LoadingEvent) -> D
    void lambda$subscribeObserver$1$BaseLiveActivity(com.haohai.platform.fireforestplatform.event.LoadingEvent) -> E
    com.haohai.platform.fireforestplatform.base.BaseViewModel obtainViewModel() -> F
    void setupToolbar() -> G
    void setupViewModel() -> H
    void subscribeObserver() -> I
com.haohai.platform.fireforestplatform.base.BaseLiveActivity$TokenFailureBroadcast -> com.haohai.platform.fireforestplatform.a.d$a:
    com.haohai.platform.fireforestplatform.base.BaseLiveActivity this$0 -> a
...
androidx.appcompat.graphics.drawable.StateListDrawable -> c.a.l.a.d:
    boolean mMutated -> o
    androidx.appcompat.graphics.drawable.StateListDrawable$StateListState mStateListState -> n
    androidx.appcompat.graphics.drawable.DrawableContainer$DrawableContainerState cloneConstantState() -> b
    void setConstantState(androidx.appcompat.graphics.drawable.DrawableContainer$DrawableContainerState) -> h
    androidx.appcompat.graphics.drawable.StateListDrawable$StateListState cloneConstantState() -> j
    int[] extractStateSet(android.util.AttributeSet) -> k
androidx.appcompat.graphics.drawable.StateListDrawable$StateListState -> c.a.l.a.d$a:
    int[][] mStateSets -> J
    int indexOfStateSet(int[]) -> A
    void growArray(int,int) -> o
    void mutate() -> r
    int addStateSet(int[],android.graphics.drawable.Drawable) -> z
androidx.appcompat.resources.R$drawable -> c.a.m.a:
    int abc_vector_test -> a
androidx.appcompat.resources.R$styleable -> c.a.m.b:
    int AnimatedStateListDrawableTransition_android_fromId -> n
    int[] StateListDrawableItem -> v
    int AnimatedStateListDrawableTransition_android_reversible -> o
    int AnimatedStateListDrawableTransition_android_drawable -> l
    int AnimatedStateListDrawableTransition_android_toId -> m
    int AnimatedStateListDrawableItem_android_drawable -> j
    int[] FontFamilyFont -> r
    int[] GradientColor -> s
    int[] GradientColorItem -> t
    int AnimatedStateListDrawableItem_android_id -> i
    int[] StateListDrawable -> u
    int AnimatedStateListDrawableCompat_android_enterFadeDuration -> f
    int AnimatedStateListDrawableCompat_android_exitFadeDuration -> g
    int AnimatedStateListDrawableCompat_android_variablePadding -> d
    int[] AnimatedStateListDrawableCompat -> a
    int AnimatedStateListDrawableCompat_android_constantSize -> e
    int AnimatedStateListDrawableCompat_android_dither -> b
    int AnimatedStateListDrawableCompat_android_visible -> c
    int[] AnimatedStateListDrawableItem -> h
    int[] ColorStateListItem -> p
    int[] FontFamily -> q
    int[] AnimatedStateListDrawableTransition -> k
androidx.appcompat.view.ActionBarPolicy -> c.a.n.a:
    android.content.Context mContext -> a
    boolean enableHomeButtonByDefault() -> a
    androidx.appcompat.view.ActionBarPolicy get(android.content.Context) -> b
    int getEmbeddedMenuWidthLimit() -> c
    int getMaxActionButtons() -> d
    int getStackedTabMaxWidth() -> e
    int getTabContainerHeight() -> f
    boolean hasEmbeddedTabs() -> g
    boolean showsOverflowMenuButton() -> h
androidx.appcompat.view.ActionMode -> c.a.n.b:
    java.lang.Object mTag -> b
    boolean mTitleOptionalHint -> c
    void finish() -> c
    android.view.View getCustomView() -> d
    android.view.Menu getMenu() -> e
    android.view.MenuInflater getMenuInflater() -> f
    java.lang.CharSequence getSubtitle() -> g
    java.lang.Object getTag() -> h
    java.lang.CharSequence getTitle() -> i
    boolean getTitleOptionalHint() -> j
    void invalidate() -> k
    boolean isTitleOptional() -> l
    void setCustomView(android.view.View) -> m
    void setSubtitle(int) -> n
    void setSubtitle(java.lang.CharSequence) -> o
    void setTag(java.lang.Object) -> p
    void setTitle(int) -> q
    void setTitle(java.lang.CharSequence) -> r
    void setTitleOptionalHint(boolean) -> s
androidx.appcompat.view.ActionMode$Callback -> c.a.n.b$a:
    boolean onPrepareActionMode(androidx.appcompat.view.ActionMode,android.view.Menu) -> a
    boolean onActionItemClicked(androidx.appcompat.view.ActionMode,android.view.MenuItem) -> b
    boolean onCreateActionMode(androidx.appcompat.view.ActionMode,android.view.Menu) -> c
    void onDestroyActionMode(androidx.appcompat.view.ActionMode) -> d
androidx.appcompat.view.CollapsibleActionView -> c.a.n.c:
    void onActionViewExpanded() -> c
    void onActionViewCollapsed() -> f